{
  "stats": {
    "suites": 2,
    "tests": 4,
    "passes": 4,
    "pending": 0,
    "failures": 0,
    "start": "2024-08-01T09:26:33.288Z",
    "end": "2024-08-01T09:26:33.374Z",
    "duration": 86,
    "testsRegistered": 4,
    "passPercent": 100,
    "pendingPercent": 0,
    "other": 0,
    "hasOther": false,
    "skipped": 0,
    "hasSkipped": false
  },
  "results": [
    {
      "uuid": "a26e3f53-3d98-49b6-9d83-1a3058308dbb",
      "title": "",
      "fullFile": "cypress/e2e/math.cy.js",
      "file": "cypress/e2e/math.cy.js",
      "beforeHooks": [],
      "afterHooks": [],
      "tests": [],
      "suites": [
        {
          "uuid": "25c87c21-6aeb-484a-b7f3-cd8c15937a47",
          "title": "Unit test our math functions",
          "fullFile": "",
          "file": "",
          "beforeHooks": [],
          "afterHooks": [],
          "tests": [],
          "suites": [
            {
              "uuid": "63fa3b72-22c8-4214-85a1-6e3f1a182c46",
              "title": "math",
              "fullFile": "",
              "file": "",
              "beforeHooks": [],
              "afterHooks": [],
              "tests": [
                {
                  "title": "can add numbers",
                  "fullTitle": "Unit test our math functions math can add numbers",
                  "timedOut": null,
                  "duration": 10,
                  "state": "passed",
                  "speed": "fast",
                  "pass": true,
                  "fail": false,
                  "pending": false,
                  "context": null,
                  "code": "expect(add(1, 2)).to.eq(3);",
                  "err": {},
                  "uuid": "a3754287-3fd1-4b63-9844-0f222014845e",
                  "parentUUID": "63fa3b72-22c8-4214-85a1-6e3f1a182c46",
                  "isHook": false,
                  "skipped": false
                },
                {
                  "title": "can subtract numbers",
                  "fullTitle": "Unit test our math functions math can subtract numbers",
                  "timedOut": null,
                  "duration": 5,
                  "state": "passed",
                  "speed": "fast",
                  "pass": true,
                  "fail": false,
                  "pending": false,
                  "context": null,
                  "code": "expect(subtract(5, 12)).to.eq(-7);",
                  "err": {},
                  "uuid": "82b8edd4-e045-445c-b66c-0f820b684e9a",
                  "parentUUID": "63fa3b72-22c8-4214-85a1-6e3f1a182c46",
                  "isHook": false,
                  "skipped": false
                },
                {
                  "title": "can divide numbers",
                  "fullTitle": "Unit test our math functions math can divide numbers",
                  "timedOut": null,
                  "duration": 6,
                  "state": "passed",
                  "speed": "fast",
                  "pass": true,
                  "fail": false,
                  "pending": false,
                  "context": null,
                  "code": "expect(divide(27, 9)).to.eq(3);",
                  "err": {},
                  "uuid": "4c9c8d44-d2df-4d83-b3c4-aacabb69bff6",
                  "parentUUID": "63fa3b72-22c8-4214-85a1-6e3f1a182c46",
                  "isHook": false,
                  "skipped": false
                },
                {
                  "title": "can multiply numbers",
                  "fullTitle": "Unit test our math functions math can multiply numbers",
                  "timedOut": null,
                  "duration": 5,
                  "state": "passed",
                  "speed": "fast",
                  "pass": true,
                  "fail": false,
                  "pending": false,
                  "context": null,
                  "code": "expect(multiply(5, 4)).to.eq(20);",
                  "err": {},
                  "uuid": "fff45a1f-b54b-448e-a261-1afa1363225a",
                  "parentUUID": "63fa3b72-22c8-4214-85a1-6e3f1a182c46",
                  "isHook": false,
                  "skipped": false
                }
              ],
              "suites": [],
              "passes": [
                "a3754287-3fd1-4b63-9844-0f222014845e",
                "82b8edd4-e045-445c-b66c-0f820b684e9a",
                "4c9c8d44-d2df-4d83-b3c4-aacabb69bff6",
                "fff45a1f-b54b-448e-a261-1afa1363225a"
              ],
              "failures": [],
              "pending": [],
              "skipped": [],
              "duration": 26,
              "root": false,
              "rootEmpty": false,
              "_timeout": 2000
            }
          ],
          "passes": [],
          "failures": [],
          "pending": [],
          "skipped": [],
          "duration": 0,
          "root": false,
          "rootEmpty": false,
          "_timeout": 2000
        }
      ],
      "passes": [],
      "failures": [],
      "pending": [],
      "skipped": [],
      "duration": 0,
      "root": true,
      "rootEmpty": true,
      "_timeout": 2000
    }
  ],
  "meta": {
    "mocha": {
      "version": "7.0.1"
    },
    "mochawesome": {
      "options": {
        "quiet": false,
        "reportFilename": "mochawesome",
        "saveHtml": false,
        "saveJson": true,
        "consoleReporter": "spec",
        "useInlineDiffs": false,
        "code": true
      },
      "version": "7.1.3"
    },
    "marge": {
      "options": {
        "reportDir": "cypress/reports",
        "overwrite": false,
        "html": false,
        "json": true
      },
      "version": "6.2.0"
    }
  }
}