{
  "stats": {
    "suites": 2,
    "tests": 4,
    "passes": 4,
    "pending": 0,
    "failures": 0,
    "start": "2024-08-01T09:27:44.766Z",
    "end": "2024-08-01T09:27:44.840Z",
    "duration": 74,
    "testsRegistered": 4,
    "passPercent": 100,
    "pendingPercent": 0,
    "other": 0,
    "hasOther": false,
    "skipped": 0,
    "hasSkipped": false
  },
  "results": [
    {
      "uuid": "35393b07-0575-46b8-a8d3-f9b5ab680365",
      "title": "",
      "fullFile": "cypress/e2e/math.cy.js",
      "file": "cypress/e2e/math.cy.js",
      "beforeHooks": [],
      "afterHooks": [],
      "tests": [],
      "suites": [
        {
          "uuid": "932902f8-783f-4e4d-a7fe-8aa59e0ffd52",
          "title": "Unit test our math functions",
          "fullFile": "",
          "file": "",
          "beforeHooks": [],
          "afterHooks": [],
          "tests": [],
          "suites": [
            {
              "uuid": "4dff16fb-016c-4a4b-9659-08d13779a9c4",
              "title": "math",
              "fullFile": "",
              "file": "",
              "beforeHooks": [],
              "afterHooks": [],
              "tests": [
                {
                  "title": "can add numbers",
                  "fullTitle": "Unit test our math functions math can add numbers",
                  "timedOut": null,
                  "duration": 16,
                  "state": "passed",
                  "speed": "fast",
                  "pass": true,
                  "fail": false,
                  "pending": false,
                  "context": null,
                  "code": "expect(add(1, 2)).to.eq(3);",
                  "err": {},
                  "uuid": "ec4ff4fc-5fdd-4fa8-a7f4-2f17d9766bb2",
                  "parentUUID": "4dff16fb-016c-4a4b-9659-08d13779a9c4",
                  "isHook": false,
                  "skipped": false
                },
                {
                  "title": "can subtract numbers",
                  "fullTitle": "Unit test our math functions math can subtract numbers",
                  "timedOut": null,
                  "duration": 5,
                  "state": "passed",
                  "speed": "fast",
                  "pass": true,
                  "fail": false,
                  "pending": false,
                  "context": null,
                  "code": "expect(subtract(5, 12)).to.eq(-7);",
                  "err": {},
                  "uuid": "685eb639-ccbe-4587-adff-6b65a8ecabe7",
                  "parentUUID": "4dff16fb-016c-4a4b-9659-08d13779a9c4",
                  "isHook": false,
                  "skipped": false
                },
                {
                  "title": "can divide numbers",
                  "fullTitle": "Unit test our math functions math can divide numbers",
                  "timedOut": null,
                  "duration": 8,
                  "state": "passed",
                  "speed": "fast",
                  "pass": true,
                  "fail": false,
                  "pending": false,
                  "context": null,
                  "code": "expect(divide(27, 9)).to.eq(3);",
                  "err": {},
                  "uuid": "a2062958-075f-461b-b3df-6faca7af257b",
                  "parentUUID": "4dff16fb-016c-4a4b-9659-08d13779a9c4",
                  "isHook": false,
                  "skipped": false
                },
                {
                  "title": "can multiply numbers",
                  "fullTitle": "Unit test our math functions math can multiply numbers",
                  "timedOut": null,
                  "duration": 5,
                  "state": "passed",
                  "speed": "fast",
                  "pass": true,
                  "fail": false,
                  "pending": false,
                  "context": null,
                  "code": "expect(multiply(5, 4)).to.eq(20);",
                  "err": {},
                  "uuid": "6a88ea52-5c1e-4f56-a0fc-127d5b237fba",
                  "parentUUID": "4dff16fb-016c-4a4b-9659-08d13779a9c4",
                  "isHook": false,
                  "skipped": false
                }
              ],
              "suites": [],
              "passes": [
                "ec4ff4fc-5fdd-4fa8-a7f4-2f17d9766bb2",
                "685eb639-ccbe-4587-adff-6b65a8ecabe7",
                "a2062958-075f-461b-b3df-6faca7af257b",
                "6a88ea52-5c1e-4f56-a0fc-127d5b237fba"
              ],
              "failures": [],
              "pending": [],
              "skipped": [],
              "duration": 34,
              "root": false,
              "rootEmpty": false,
              "_timeout": 2000
            }
          ],
          "passes": [],
          "failures": [],
          "pending": [],
          "skipped": [],
          "duration": 0,
          "root": false,
          "rootEmpty": false,
          "_timeout": 2000
        }
      ],
      "passes": [],
      "failures": [],
      "pending": [],
      "skipped": [],
      "duration": 0,
      "root": true,
      "rootEmpty": true,
      "_timeout": 2000
    }
  ],
  "meta": {
    "mocha": {
      "version": "7.0.1"
    },
    "mochawesome": {
      "options": {
        "quiet": false,
        "reportFilename": "mochawesome",
        "saveHtml": false,
        "saveJson": true,
        "consoleReporter": "spec",
        "useInlineDiffs": false,
        "code": true
      },
      "version": "7.1.3"
    },
    "marge": {
      "options": {
        "reportDir": "cypress/reports",
        "overwrite": false,
        "html": false,
        "json": true
      },
      "version": "6.2.0"
    }
  }
}