{
  "stats": {
    "suites": 3,
    "tests": 6,
    "passes": 6,
    "pending": 0,
    "failures": 0,
    "testsRegistered": 6,
    "passPercent": 100,
    "pendingPercent": 0,
    "other": 0,
    "hasOther": false,
    "skipped": 0,
    "hasSkipped": false,
    "start": "2024-07-19T03:00:00.958Z",
    "end": "2024-07-19T03:00:05.099Z",
    "duration": 4141
  },
  "results": [
    {
      "uuid": "b9c81daa-2bcf-4588-b43f-9527ddf24eac",
      "title": "",
      "fullFile": "cypress/e2e/mocha.cy.js",
      "file": "cypress/e2e/mocha.cy.js",
      "beforeHooks": [],
      "afterHooks": [],
      "tests": [],
      "suites": [
        {
          "uuid": "c3632620-7f29-4a48-bf14-81fde5cad0bb",
          "title": "test suite",
          "fullFile": "",
          "file": "",
          "beforeHooks": [],
          "afterHooks": [],
          "tests": [
            {
              "title": "should add context",
              "fullTitle": "test suite should add context",
              "timedOut": null,
              "duration": 8,
              "state": "passed",
              "speed": "fast",
              "pass": true,
              "fail": false,
              "pending": false,
              "context": null,
              "code": "// context can be a simple string\naddContext(this, 'simple string');\n// context can be a url and the report will create a link\naddContext(this, 'http://www.url.com/pathname');\n// context can be an image url and the report will show it inline\naddContext(this, 'http://www.url.com/screenshot-maybe.jpg');\n// context can be an object with title and value properties\naddContext(this, {\n  title: 'expected output',\n  value: {\n    a: 1,\n    b: '2',\n    c: 'd'\n  }\n});",
              "err": {},
              "uuid": "79936d4c-17e5-42e6-9c29-4d83455598e2",
              "parentUUID": "c3632620-7f29-4a48-bf14-81fde5cad0bb",
              "isHook": false,
              "skipped": false
            }
          ],
          "suites": [],
          "passes": [
            "79936d4c-17e5-42e6-9c29-4d83455598e2"
          ],
          "failures": [],
          "pending": [],
          "skipped": [],
          "duration": 8,
          "root": false,
          "rootEmpty": false,
          "_timeout": 2000
        }
      ],
      "passes": [],
      "failures": [],
      "pending": [],
      "skipped": [],
      "duration": 0,
      "root": true,
      "rootEmpty": true,
      "_timeout": 2000
    },
    {
      "uuid": "446776ed-4404-4399-bb0a-5946865f2dcd",
      "title": "",
      "fullFile": "cypress/e2e/spec.cy.js",
      "file": "cypress/e2e/spec.cy.js",
      "beforeHooks": [],
      "afterHooks": [],
      "tests": [],
      "suites": [
        {
          "uuid": "9f496ce5-8e4f-407c-90d3-78e6b28ff4d1",
          "title": "template spec",
          "fullFile": "",
          "file": "",
          "beforeHooks": [],
          "afterHooks": [],
          "tests": [
            {
              "title": "passes",
              "fullTitle": "template spec passes",
              "timedOut": null,
              "duration": 653,
              "state": "passed",
              "speed": "fast",
              "pass": true,
              "fail": false,
              "pending": false,
              "context": null,
              "code": "cy.visit('http://localhost:3000');",
              "err": {},
              "uuid": "473effe3-19eb-4bbf-9ba2-078d25bd9d32",
              "parentUUID": "9f496ce5-8e4f-407c-90d3-78e6b28ff4d1",
              "isHook": false,
              "skipped": false
            }
          ],
          "suites": [],
          "passes": [
            "473effe3-19eb-4bbf-9ba2-078d25bd9d32"
          ],
          "failures": [],
          "pending": [],
          "skipped": [],
          "duration": 653,
          "root": false,
          "rootEmpty": false,
          "_timeout": 2000
        }
      ],
      "passes": [],
      "failures": [],
      "pending": [],
      "skipped": [],
      "duration": 0,
      "root": true,
      "rootEmpty": true,
      "_timeout": 2000
    },
    {
      "uuid": "2310a075-5cd1-49d8-afdf-966da5efcb82",
      "title": "",
      "fullFile": "cypress/e2e/math.cy.js",
      "file": "cypress/e2e/math.cy.js",
      "beforeHooks": [],
      "afterHooks": [],
      "tests": [],
      "suites": [
        {
          "uuid": "5ec4e36b-5176-4a12-94b2-82ccfe0a5b56",
          "title": "Unit test our math functions",
          "fullFile": "",
          "file": "",
          "beforeHooks": [],
          "afterHooks": [],
          "tests": [],
          "suites": [
            {
              "uuid": "478bd7c0-0519-49b6-9a34-404cb1e89c60",
              "title": "math",
              "fullFile": "",
              "file": "",
              "beforeHooks": [],
              "afterHooks": [],
              "tests": [
                {
                  "title": "can add numbers",
                  "fullTitle": "Unit test our math functions math can add numbers",
                  "timedOut": null,
                  "duration": 16,
                  "state": "passed",
                  "speed": "fast",
                  "pass": true,
                  "fail": false,
                  "pending": false,
                  "context": null,
                  "code": "expect(add(1, 2)).to.eq(3);",
                  "err": {},
                  "uuid": "6536e4b5-a8de-424d-91f9-bf78918eea46",
                  "parentUUID": "478bd7c0-0519-49b6-9a34-404cb1e89c60",
                  "isHook": false,
                  "skipped": false
                },
                {
                  "title": "can subtract numbers",
                  "fullTitle": "Unit test our math functions math can subtract numbers",
                  "timedOut": null,
                  "duration": 4,
                  "state": "passed",
                  "speed": "fast",
                  "pass": true,
                  "fail": false,
                  "pending": false,
                  "context": null,
                  "code": "expect(subtract(5, 12)).to.eq(-7);",
                  "err": {},
                  "uuid": "fb80c45f-dae4-49c0-9cd7-21d6701645c9",
                  "parentUUID": "478bd7c0-0519-49b6-9a34-404cb1e89c60",
                  "isHook": false,
                  "skipped": false
                },
                {
                  "title": "can divide numbers",
                  "fullTitle": "Unit test our math functions math can divide numbers",
                  "timedOut": null,
                  "duration": 4,
                  "state": "passed",
                  "speed": "fast",
                  "pass": true,
                  "fail": false,
                  "pending": false,
                  "context": null,
                  "code": "expect(divide(27, 9)).to.eq(3);",
                  "err": {},
                  "uuid": "6ee44601-2a38-48ac-a3ce-be5028cda046",
                  "parentUUID": "478bd7c0-0519-49b6-9a34-404cb1e89c60",
                  "isHook": false,
                  "skipped": false
                },
                {
                  "title": "can multiply numbers",
                  "fullTitle": "Unit test our math functions math can multiply numbers",
                  "timedOut": null,
                  "duration": 4,
                  "state": "passed",
                  "speed": "fast",
                  "pass": true,
                  "fail": false,
                  "pending": false,
                  "context": null,
                  "code": "expect(multiply(5, 4)).to.eq(20);",
                  "err": {},
                  "uuid": "0d9d617f-f729-4c5c-af9d-1918a29ab72e",
                  "parentUUID": "478bd7c0-0519-49b6-9a34-404cb1e89c60",
                  "isHook": false,
                  "skipped": false
                }
              ],
              "suites": [],
              "passes": [
                "6536e4b5-a8de-424d-91f9-bf78918eea46",
                "fb80c45f-dae4-49c0-9cd7-21d6701645c9",
                "6ee44601-2a38-48ac-a3ce-be5028cda046",
                "0d9d617f-f729-4c5c-af9d-1918a29ab72e"
              ],
              "failures": [],
              "pending": [],
              "skipped": [],
              "duration": 28,
              "root": false,
              "rootEmpty": false,
              "_timeout": 2000
            }
          ],
          "passes": [],
          "failures": [],
          "pending": [],
          "skipped": [],
          "duration": 0,
          "root": false,
          "rootEmpty": false,
          "_timeout": 2000
        }
      ],
      "passes": [],
      "failures": [],
      "pending": [],
      "skipped": [],
      "duration": 0,
      "root": true,
      "rootEmpty": true,
      "_timeout": 2000
    }
  ],
  "meta": {
    "mocha": {
      "version": "7.0.1"
    },
    "mochawesome": {
      "options": {
        "quiet": false,
        "reportFilename": "mochawesome",
        "saveHtml": false,
        "saveJson": true,
        "consoleReporter": "spec",
        "useInlineDiffs": false,
        "code": true
      },
      "version": "7.1.3"
    },
    "marge": {
      "options": {
        "reportDir": "cypress/reports",
        "overwrite": false,
        "html": false,
        "json": true
      },
      "version": "6.2.0"
    }
  }
}